#
# A fatal error has been detected by the Java Runtime Environment:
#
#  EXCEPTION_ACCESS_VIOLATION (0xc0000005) at pc=0x00000170c6655148, pid=13596, tid=11340
#
# JRE version: OpenJDK Runtime Environment Temurin-23.0.1+11 (23.0.1+11) (build 23.0.1+11)
# Java VM: OpenJDK 64-Bit Server VM Temurin-23.0.1+11 (23.0.1+11, mixed mode, sharing, tiered, compressed oops, compressed class ptrs, g1 gc, windows-amd64)
# Problematic frame:
# j  java.lang.invoke.DirectMethodHandle$Holder.newInvokeSpecial(Ljava/lang/Object;)Ljava/lang/Object;+15 java.base@23.0.1
#
# No core dump will be written. Minidumps are not enabled by default on client versions of Windows
#
# If you would like to submit a bug report, please visit:
#   https://github.com/adoptium/adoptium-support/issues
#

---------------  S U M M A R Y ------------

Command Line: -XX:+ShowCodeDetailsInExceptionMessages -agentlib:jdwp=transport=dt_socket,suspend=y,address=localhost:65252 -javaagent:C:\Users\Pedro\eclipse\java-2024-09\eclipse\configuration\org.eclipse.osgi\251\0\.cp\lib\javaagent-shaded.jar -Dfile.encoding=UTF-8 -Dstdout.encoding=UTF-8 -Dstderr.encoding=UTF-8 com.project.stocksAPI.Startup

Host: Intel(R) Core(TM) i7-7700 CPU @ 3.60GHz, 8 cores, 23G,  Windows 11 , 64 bit Build 26100 (10.0.26100.5074)
Time: Thu Oct  9 23:43:12 2025 Hora oficial do Brasil elapsed time: 576.202076 seconds (0d 0h 9m 36s)

---------------  T H R E A D  ---------------

Current thread (0x000001711f58c590):  JavaThread "restartedMain"        [_thread_in_Java, id=11340, stack(0x0000002651900000,0x0000002651a00000) (1024K)]

Stack: [0x0000002651900000,0x0000002651a00000],  sp=0x00000026519fe240,  free space=1016k
Native frames: (J=compiled Java code, j=interpreted, Vv=VM code, C=native code)
C  0x00000170c6655148  (no source info available)

The last pc belongs to invokestatic (printed below).

siginfo: EXCEPTION_ACCESS_VIOLATION (0xc0000005), reading address 0xffffffffffffffff


Registers:
RAX=0x000001711a7cf698, RBX=0x000001711a022060, RCX=0x00000170d90111d0, RDX=0x0000000000000002
RSP=0x00000026519fe240, RBP=0x00000026519fe298, RSI=0x0000017120aa4f88, RDI=0x0000017128050ef0
R8 =0x0000000000000004, R9 =0x0000000000000004, R10=0x00007ff97f0cbae0, R11=0x00000170d91e5080
R12=0x0000000000000000, R13=0xfffffffffffffff7, R14=0x00000026519fe2b8, R15=0x000001711f58c590
RIP=0x00000170c6655148, EFLAGS=0x0000000000010282


Register to memory mapping:

RAX=0x000001711a7cf698 is pointing into metadata
RBX={method} {0x000001711a022068} 'linkToSpecial' '(Ljava/lang/Object;Ljava/lang/invoke/MemberName;)V' in 'java/lang/invoke/MethodHandle'
RCX=0x00000170d90111d0 is pointing into metadata
RDX=0x0000000000000002 is an unknown value
RSP=0x00000026519fe240 is pointing into the stack for thread: 0x000001711f58c590
RBP=0x00000026519fe298 is pointing into the stack for thread: 0x000001711f58c590
RSI=0x0000017120aa4f88 points into unknown readable memory: 0x88000e00e987c553 | 53 c5 87 e9 00 0e 00 88
RDI=0x0000017128050ef0 points into unknown readable memory: 0x0000001800000070 | 70 00 00 00 18 00 00 00
R8 =0x0000000000000004 is an unknown value
R9 =0x0000000000000004 is an unknown value
R10=0x00007ff97f0cbae0 jvm.dll
R11={method} {0x00000170d91e5088} 'newInvokeSpecial' '(Ljava/lang/Object;)Ljava/lang/Object;' in 'java/lang/invoke/DirectMethodHandle$Holder'
R12=0x0 is null
R13=0xfffffffffffffff7 is an unknown value
R14=0x00000026519fe2b8 is pointing into the stack for thread: 0x000001711f58c590
R15=0x000001711f58c590 is a thread

Top of Stack: (sp=0x00000026519fe240)
0x00000026519fe240:   00000170c6639054 000000068476f060
0x00000026519fe250:   fffffffffffffff7 00000170d97f12f7
0x00000026519fe260:   0000000000000004 00000170d91e1370
0x00000026519fe270:   000001711a7cf690 0000000680aad678
0x00000026519fe280:   00000170d91e5080 0000000000000000
0x00000026519fe290:   00000026519fe2c0 00000026519fe660
0x00000026519fe2a0:   00000170bf5abd9a 000000068476efb8
0x00000026519fe2b0:   000000068476f060 000000068476f018
0x00000026519fe2c0:   00000026519fdb00 00000026519fdb04
0x00000026519fe2d0:   0000000686303de0 000000068476eca0
0x00000026519fe2e0:   0000000686303de0 00000006812daad8
0x00000026519fe2f0:   000000068476edd8 000001711f58c590
0x00000026519fe300:   00000026519fe660 00000170bf734c3c
0x00000026519fe310:   00000026519fe660 00000170bf992fac
0x00000026519fe320:   000001711f8557a0 0000017121bd2e30
0x00000026519fe330:   0000017121bd2e50 0000017121bd2f18
0x00000026519fe340:   00000000000000d8 00000026519fbdc0
0x00000026519fe350:   0000000000000000 0000017126dcff48
0x00000026519fe360:   00000026519fbae0 00007ff97e576cfc
0x00000026519fe370:   0000000600000000 000000068476f048
0x00000026519fe380:   000000068476ee30 000000068476eca0
0x00000026519fe390:   00000006812daad8 000000068476edd8
0x00000026519fe3a0:   0000000686303de0 0000000000000001
0x00000026519fe3b0:   00000026519fe660 00000170bf7f6c4c
0x00000026519fe3c0:   0000000000000000 0000000000000000
0x00000026519fe3d0:   00000026519fe660 000000068476f018
0x00000026519fe3e0:   0000000000000000 0000000000000000
0x00000026519fe3f0:   0000000000000000 000001210ad6c400
0x00000026519fe400:   000001711f58c590 0000000000000000
0x00000026519fe410:   000000068476edd8 0000000000000000
0x00000026519fe420:   000000068476eca0 000000068476f048
0x00000026519fe430:   000000068476edd8 0000000000000000 

Instructions: (pc=0x00000170c6655148)
0x00000170c6655048:   ff d0 48 83 c4 20 ff e0 49 83 7f 08 00 0f 84 05
0x00000170c6655058:   00 00 00 e9 60 be fd ff 4c 8b 6d c0 4c 8b 75 c8
0x00000170c6655068:   4e 8d 74 f5 00 c3 48 8b 4d d0 41 0f b7 55 01 48
0x00000170c6655078:   8b 49 30 6b d2 18 48 8d 4c 11 08 48 8b 19 48 8b
0x00000170c6655088:   5b 08 48 8b 5b 08 48 8b 5b 18 80 bb 31 01 00 00
0x00000170c6655098:   04 0f 84 0d 00 00 00 4c 3b bb 38 01 00 00 0f 85
0x00000170c66550a8:   63 fe ff ff 0f b6 51 15 48 8b 19 4c 89 6d c0 44
0x00000170c66550b8:   8b ea 0f b6 51 14 49 ba e0 ba 0c 7f f9 7f 00 00
0x00000170c66550c8:   49 8b 14 d2 52 41 8b d5 4c 8b 6d c0 48 8b 45 d8
0x00000170c66550d8:   48 85 c0 0f 84 12 00 00 00 48 83 40 08 01 48 83
0x00000170c66550e8:   58 08 00 48 83 c0 10 48 89 45 d8 48 8b 45 d8 48
0x00000170c66550f8:   85 c0 0f 84 3d 01 00 00 80 78 f0 0a 0f 85 33 01
0x00000170c6655108:   00 00 48 83 c0 08 4c 8b 68 f8 41 83 ed 00 41 83
0x00000170c6655118:   fd 02 0f 8c 12 01 00 00 4c 8b 6b 08 45 0f b7 6d
0x00000170c6655128:   2e 4c 2b 28 41 83 ed 01 4e 8b 6c ec 08 4d 85 ed
0x00000170c6655138:   75 0e f6 40 08 01 75 58 f0 48 83 48 08 01 eb 50
0x00000170c6655148:   45 8b 6d 08 49 ba 00 00 00 d9 70 01 00 00 4d 03
0x00000170c6655158:   ea 4d 8b d5 4c 33 68 08 49 f7 c5 fc ff ff ff 74
0x00000170c6655168:   2f 41 f6 c5 02 75 29 48 83 78 08 00 74 1e 48 83
0x00000170c6655178:   78 08 01 74 17 4d 8b ea 4c 33 68 08 49 f7 c5 fc
0x00000170c6655188:   ff ff ff 74 0b 48 83 48 08 02 eb 04 4c 89 68 08
0x00000170c6655198:   48 83 c0 10 4c 8b 68 e8 41 83 ed 02 41 83 fd 02
0x00000170c66551a8:   0f 8c 84 00 00 00 4c 8b 6b 08 45 0f b7 6d 2e 4c
0x00000170c66551b8:   2b 28 41 83 ed 01 4e 8b 6c ec 08 4d 85 ed 75 0e
0x00000170c66551c8:   f6 40 08 01 75 58 f0 48 83 48 08 01 eb 50 45 8b
0x00000170c66551d8:   6d 08 49 ba 00 00 00 d9 70 01 00 00 4d 03 ea 4d
0x00000170c66551e8:   8b d5 4c 33 68 08 49 f7 c5 fc ff ff ff 74 2f 41
0x00000170c66551f8:   f6 c5 02 75 29 48 83 78 08 00 74 1e 48 83 78 08
0x00000170c6655208:   01 74 17 4d 8b ea 4c 33 68 08 49 f7 c5 fc ff ff
0x00000170c6655218:   ff 74 0b 48 83 48 08 02 eb 04 4c 89 68 08 48 83
0x00000170c6655228:   c0 10 4c 8b 68 d8 41 83 ed 04 41 c1 e5 03 49 03
0x00000170c6655238:   c5 48 89 45 d8 4c 8d 6c 24 08 49 8b cd 48 2b cd 


Stack slot to memory mapping:

stack at sp + 0 slots: 0x00000170c6639054 is at code_begin+3476 in an Interpreter codelet
return entry points  [0x00000170c66382c0, 0x00000170c663a4c0]  8704 bytes
stack at sp + 1 slots: 0x000000068476f060 is an oop: com.project.stocksAPI.controllers.SearchHistoryController 
{0x000000068476f060} - klass: 'com/project/stocksAPI/controllers/SearchHistoryController'
 - ---- fields (total size 2 words):
 - private 'service' 'Lcom/project/stocksAPI/services/SearchHistoryService;' @12  null (0x00000000)
stack at sp + 2 slots: 0xfffffffffffffff7 is an unknown value
stack at sp + 3 slots: 0x00000170d97f12f7 is pointing into metadata
stack at sp + 4 slots: 0x0000000000000004 is an unknown value
stack at sp + 5 slots: 0x00000170d91e1370 is pointing into metadata
stack at sp + 6 slots: 0x000001711a7cf690 is pointing into metadata
stack at sp + 7 slots: 0x0000000680aad678 is an oop: java.lang.Class 
{0x0000000680aad678} - klass: 'java/lang/Class'
 - ---- fields (total size 14 words):
 - private volatile transient 'classRedefinedCount' 'I' @12  0 (0x00000000)
 - injected 'klass' 'J' @16  1584190591336 (0x00000170d91e1168)
 - injected 'array_klass' 'J' @24  0 (0x0000000000000000)
 - injected 'oop_size' 'I' @32  14 (0x0000000e)
 - injected 'static_oop_field_count' 'I' @36  0 (0x00000000)
 - private volatile transient 'cachedConstructor' 'Ljava/lang/reflect/Constructor;' @40  null (0x00000000)
 - private transient 'name' 'Ljava/lang/String;' @44  null (0x00000000)
 - private transient 'module' 'Ljava/lang/Module;' @48  a 'java/lang/Module'{0x0000000680abbe40} (0xd01577c8)
 - private final 'classLoader' 'Ljava/lang/ClassLoader;' @52  null (0x00000000)
 - private transient 'classData' 'Ljava/lang/Object;' @56  null (0x00000000)
 - private transient 'packageName' 'Ljava/lang/String;' @60  null (0x00000000)
 - private final 'componentType' 'Ljava/lang/Class;' @64  null (0x00000000)
 - private volatile transient 'reflectionData' 'Ljava/lang/ref/SoftReference;' @68  null (0x00000000)
 - private volatile transient 'genericInfo' 'Lsun/reflect/generics/repository/ClassRepository;' @72  null (0x00000000)
 - private volatile transient 'enumConstants' '[Ljava/lang/Object;' @76  null (0x00000000)
 - private volatile transient 'enumConstantDirectory' 'Ljava/util/Map;' @80  null (0x00000000)
 - private volatile transient 'annotationData' 'Ljava/lang/Class$AnnotationData;' @84  null (0x00000000)
 - private volatile transient 'annotationType' 'Lsun/reflect/annotation/AnnotationType;' @88  null (0x00000000)
 - transient 'classValueMap' 'Ljava/lang/ClassValue$ClassValueMap;' @92  null (0x00000000)
 - injected 'protection_domain' 'Ljava/lang/Object;' @96  null (0x00000000)
 - injected 'signers_name' 'Ljava/lang/Object;' @100  null (0x00000000)
 - injected 'source_file' 'Ljava/lang/Object;' @104  null (0x00000000)
 - signature: Ljava/lang/invoke/DirectMethodHandle$Holder;
 - ---- static fields (0):

Lock stack of current Java thread (top to bottom):

invokestatic  184 invokestatic  [0x00000170c6654ec0, 0x00000170c6655260]  928 bytes
[MachCode]
  0x00000170c6654ec0: 4883 ec08 | c5fa 1104 | 24eb 1f48 | 83ec 10c5 | fb11 0424 | eb14 4883 | ec10 4889 | 0424 48c7 
  0x00000170c6654ee0: 4424 0800 | 0000 00eb | 0150 488b | 4dd0 410f | b755 0148 | 8b49 306b | d218 488d | 4c11 080f 
  0x00000170c6654f00: b659 1681 | fbb8 0000 | 000f 8474 | 0100 00bb | b800 0000 | e805 0000 | 00e9 5001 | 0000 488b 
  0x00000170c6654f20: d348 8d44 | 2408 4c89 | 6dc0 498b | cfc5 f877 | 4989 afb0 | 0300 0049 | 8987 a003 | 0000 4883 
  0x00000170c6654f40: ec20 40f6 | c40f 0f84 | 1900 0000 | 4883 ec08 | 48b8 30b8 | 7a7e f97f | 0000 ffd0 | 4883 c408 
  0x00000170c6654f60: e90c 0000 | 0048 b830 | b87a 7ef9 | 7f00 00ff | d048 83c4 | 2049 c787 | a003 0000 | 0000 0000 
  0x00000170c6654f80: 49c7 87b0 | 0300 0000 | 0000 0049 | c787 a803 | 0000 0000 | 0000 c5f8 | 7741 8b8f | 2c05 0000 
  0x00000170c6654fa0: f6c1 010f | 8442 0000 | 00f6 c102 | 0f85 3900 | 0000 4883 | ec20 40f6 | c40f 0f84 | 1900 0000 
  0x00000170c6654fc0: 4883 ec08 | 48b8 b062 | 7a7e f97f | 0000 ffd0 | 4883 c408 | e90c 0000 | 0048 b8b0 | 627a 7ef9 
  0x00000170c6654fe0: 7f00 00ff | d048 83c4 | 20ff e049 | 8b8f d805 | 0000 4885 | c90f 8455 | 0000 008b | 899c 0000 
  0x00000170c6655000: 0083 f901 | 0f85 4600 | 0000 498b | 8fd8 0500 | 008b 89a0 | 0000 0048 | 83ec 2040 | f6c4 0f0f 
  0x00000170c6655020: 8419 0000 | 0048 83ec | 0848 b8a0 | 627a 7ef9 | 7f00 00ff | d048 83c4 | 08e9 0c00 | 0000 48b8 
  0x00000170c6655040: a062 7a7e | f97f 0000 | ffd0 4883 | c420 ffe0 | 4983 7f08 | 000f 8405 | 0000 00e9 | 60be fdff 
  0x00000170c6655060: 4c8b 6dc0 | 4c8b 75c8 | 4e8d 74f5 | 00c3 488b | 4dd0 410f | b755 0148 | 8b49 306b | d218 488d 
  0x00000170c6655080: 4c11 0848 | 8b19 488b | 5b08 488b | 5b08 488b | 5b18 80bb | 3101 0000 | 040f 840d | 0000 004c 
  0x00000170c66550a0: 3bbb 3801 | 0000 0f85 | 63fe ffff | 0fb6 5115 | 488b 194c | 896d c044 | 8bea 0fb6 | 5114 49ba 
  0x00000170c66550c0: e0ba 0c7f | f97f 0000 | 498b 14d2 | 5241 8bd5 | 4c8b 6dc0 | 488b 45d8 | 4885 c00f | 8412 0000 
  0x00000170c66550e0: 0048 8340 | 0801 4883 | 5808 0048 | 83c0 1048 | 8945 d848 | 8b45 d848 | 85c0 0f84 | 3d01 0000 
  0x00000170c6655100: 8078 f00a | 0f85 3301 | 0000 4883 | c008 4c8b | 68f8 4183 | ed00 4183 | fd02 0f8c | 1201 0000 
  0x00000170c6655120: 4c8b 6b08 | 450f b76d | 2e4c 2b28 | 4183 ed01 | 4e8b 6cec | 084d 85ed | 750e f640 | 0801 7558 
  0x00000170c6655140: f048 8348 | 0801 eb50 | 458b 6d08 | 49ba 0000 | 00d9 7001 | 0000 4d03 | ea4d 8bd5 | 4c33 6808 
  0x00000170c6655160: 49f7 c5fc | ffff ff74 | 2f41 f6c5 | 0275 2948 | 8378 0800 | 741e 4883 | 7808 0174 | 174d 8bea 
  0x00000170c6655180: 4c33 6808 | 49f7 c5fc | ffff ff74 | 0b48 8348 | 0802 eb04 | 4c89 6808 | 4883 c010 | 4c8b 68e8 
  0x00000170c66551a0: 4183 ed02 | 4183 fd02 | 0f8c 8400 | 0000 4c8b | 6b08 450f | b76d 2e4c | 2b28 4183 | ed01 4e8b 
  0x00000170c66551c0: 6cec 084d | 85ed 750e | f640 0801 | 7558 f048 | 8348 0801 | eb50 458b | 6d08 49ba | 0000 00d9 
  0x00000170c66551e0: 7001 0000 | 4d03 ea4d | 8bd5 4c33 | 6808 49f7 | c5fc ffff | ff74 2f41 | f6c5 0275 | 2948 8378 
  0x00000170c6655200: 0800 741e | 4883 7808 | 0174 174d | 8bea 4c33 | 6808 49f7 | c5fc ffff | ff74 0b48 | 8348 0802 
  0x00000170c6655220: eb04 4c89 | 6808 4883 | c010 4c8b | 68d8 4183 | ed04 41c1 | e503 4903 | c548 8945 | d84c 8d6c 
  0x00000170c6655240: 2408 498b | cd48 2bcd | 48c1 f903 | 4889 4df0 | 4180 bfe0 | 0500 0000 | 7403 ff63 | 38ff 6350 
[/MachCode]

---------------  P R O C E S S  ---------------

Threads class SMR info:
_java_thread_list=0x0000017123229830, length=22, elements={
0x00000170b961f170, 0x00000170d8a63730, 0x00000170d8a64f00, 0x00000170d8a69940,
0x00000170d8a6a3a0, 0x00000170d8a6e4f0, 0x00000170d8a7a860, 0x00000170d8a85610,
0x00000170d8a8f870, 0x000001711e0cb1d0, 0x000001711e23b360, 0x000001711e20ad20,
0x000001711e20d3c0, 0x000001711e978890, 0x0000017124892690, 0x000001711f58bf00,
0x000001711f58e660, 0x000001711f58c590, 0x000001711f58cc20, 0x000001711f58d2b0,
0x000001711f589e30, 0x000001711f58d940
}

Java Threads: ( => current thread )
  0x00000170b961f170 JavaThread "main"                              [_thread_blocked, id=14940, stack(0x0000002651b00000,0x0000002651c00000) (1024K)]
  0x00000170d8a63730 JavaThread "Reference Handler"          daemon [_thread_blocked, id=2360, stack(0x0000002652300000,0x0000002652400000) (1024K)]
  0x00000170d8a64f00 JavaThread "Finalizer"                  daemon [_thread_blocked, id=15820, stack(0x0000002652400000,0x0000002652500000) (1024K)]
  0x00000170d8a69940 JavaThread "Signal Dispatcher"          daemon [_thread_blocked, id=10420, stack(0x0000002652500000,0x0000002652600000) (1024K)]
  0x00000170d8a6a3a0 JavaThread "Attach Listener"            daemon [_thread_blocked, id=15572, stack(0x0000002652600000,0x0000002652700000) (1024K)]
  0x00000170d8a6e4f0 JavaThread "Service Thread"             daemon [_thread_blocked, id=10880, stack(0x0000002652700000,0x0000002652800000) (1024K)]
  0x00000170d8a7a860 JavaThread "Monitor Deflation Thread"   daemon [_thread_blocked, id=368, stack(0x0000002652800000,0x0000002652900000) (1024K)]
  0x00000170d8a85610 JavaThread "C2 CompilerThread0"         daemon [_thread_blocked, id=12216, stack(0x0000002652900000,0x0000002652a00000) (1024K)]
  0x00000170d8a8f870 JavaThread "C1 CompilerThread0"         daemon [_thread_blocked, id=9112, stack(0x0000002652a00000,0x0000002652b00000) (1024K)]
  0x000001711e0cb1d0 JavaThread "Common-Cleaner"             daemon [_thread_blocked, id=13968, stack(0x0000002652b00000,0x0000002652c00000) (1024K)]
  0x000001711e23b360 JavaThread "JDWP Transport Listener: dt_socket" daemon [_thread_blocked, id=8720, stack(0x0000002652c00000,0x0000002652d00000) (1024K)] _threads_hazard_ptr=0x0000017123229830
  0x000001711e20ad20 JavaThread "JDWP Event Helper Thread"   daemon [_thread_blocked, id=1208, stack(0x0000002652d00000,0x0000002652e00000) (1024K)]
  0x000001711e20d3c0 JavaThread "JDWP Command Reader"        daemon [_thread_in_native, id=4612, stack(0x0000002652e00000,0x0000002652f00000) (1024K)]
  0x000001711e978890 JavaThread "Notification Thread"        daemon [_thread_blocked, id=12040, stack(0x0000002652f00000,0x0000002653000000) (1024K)]
  0x0000017124892690 JavaThread "PostgreSQL-JDBC-Cleaner"    daemon [_thread_blocked, id=12836, stack(0x0000002654000000,0x0000002654100000) (1024K)]
  0x000001711f58bf00 JavaThread "Live Reload Server"         daemon [_thread_in_native, id=14420, stack(0x0000002654500000,0x0000002654600000) (1024K)]
  0x000001711f58e660 JavaThread "Thread-5"                          [_thread_blocked, id=8696, stack(0x0000002651800000,0x0000002651900000) (1024K)]
=>0x000001711f58c590 JavaThread "restartedMain"                     [_thread_in_Java, id=11340, stack(0x0000002651900000,0x0000002651a00000) (1024K)]
  0x000001711f58cc20 JavaThread "Catalina-utility-1"                [_thread_blocked, id=9980, stack(0x0000002653900000,0x0000002653a00000) (1024K)]
  0x000001711f58d2b0 JavaThread "Catalina-utility-2"                [_thread_blocked, id=8444, stack(0x0000002653b00000,0x0000002653c00000) (1024K)]
  0x000001711f589e30 JavaThread "container-0"                       [_thread_blocked, id=4344, stack(0x0000002653c00000,0x0000002653d00000) (1024K)]
  0x000001711f58d940 JavaThread "HikariPool-2:housekeeper"   daemon [_thread_blocked, id=7384, stack(0x0000002653d00000,0x0000002653e00000) (1024K)]
Total: 22

Other Threads:
  0x00000170d8a4c090 VMThread "VM Thread"                           [id=14724, stack(0x0000002652200000,0x0000002652300000) (1024K)] _threads_hazard_ptr=0x0000017123229830
  0x00000170d8a3ae60 WatcherThread "VM Periodic Task Thread"        [id=6804, stack(0x0000002652100000,0x0000002652200000) (1024K)]
  0x00000170b9b5e510 WorkerThread "GC Thread#0"                     [id=14948, stack(0x0000002651c00000,0x0000002651d00000) (1024K)]
  0x000001711ed4e9d0 WorkerThread "GC Thread#1"                     [id=13444, stack(0x0000002653100000,0x0000002653200000) (1024K)]
  0x000001711ed4ed80 WorkerThread "GC Thread#2"                     [id=13512, stack(0x0000002653200000,0x0000002653300000) (1024K)]
  0x000001711ed4f130 WorkerThread "GC Thread#3"                     [id=5384, stack(0x0000002653300000,0x0000002653400000) (1024K)]
  0x000001711ed4f4e0 WorkerThread "GC Thread#4"                     [id=15760, stack(0x0000002653400000,0x0000002653500000) (1024K)]
  0x000001711ed4f890 WorkerThread "GC Thread#5"                     [id=2204, stack(0x0000002653500000,0x0000002653600000) (1024K)]
  0x000001711ed4fc40 WorkerThread "GC Thread#6"                     [id=13808, stack(0x0000002653600000,0x0000002653700000) (1024K)]
  0x000001711ed4fff0 WorkerThread "GC Thread#7"                     [id=5144, stack(0x0000002653700000,0x0000002653800000) (1024K)]
  0x00000170b9b6e710 ConcurrentGCThread "G1 Main Marker"            [id=14444, stack(0x0000002651d00000,0x0000002651e00000) (1024K)]
  0x00000170b9b725a0 WorkerThread "G1 Conc#0"                       [id=9144, stack(0x0000002651e00000,0x0000002651f00000) (1024K)]
  0x000001711f3e11e0 WorkerThread "G1 Conc#1"                       [id=15672, stack(0x0000002653a00000,0x0000002653b00000) (1024K)]
  0x00000170d890a470 ConcurrentGCThread "G1 Refine#0"               [id=13464, stack(0x0000002651f00000,0x0000002652000000) (1024K)]
  0x00000170d890ae90 ConcurrentGCThread "G1 Service"                [id=4900, stack(0x0000002652000000,0x0000002652100000) (1024K)]
Total: 15

Threads with active compile tasks:
Total: 0

VM state: synchronizing (normal execution)

VM Mutex/Monitor currently owned by a thread:  ([mutex/lock_event])
[0x00007ff97f0bbd70] Threads_lock - owner thread: 0x00000170d8a4c090

Heap address: 0x0000000680800000, size: 6136 MB, Compressed Oops mode: Zero based, Oop shift amount: 3

CDS archive(s) mapped at: [0x00000170d9000000-0x00000170d9d70000-0x00000170d9d70000), size 14090240, SharedBaseAddress: 0x00000170d9000000, ArchiveRelocationMode: 1.
Compressed class space mapped at: 0x00000170da000000-0x000001711a000000, reserved size: 1073741824
Narrow klass base: 0x00000170d9000000, Narrow klass shift: 0, Narrow klass range: 0x41000000

GC Precious Log:
 CardTable entry size: 512
 Card Set container configuration: InlinePtr #cards 4 size 8 Array Of Cards #cards 32 size 80 Howl #buckets 8 coarsen threshold 7372 Howl Bitmap #cards 1024 size 144 coarsen threshold 921 Card regions per heap region 1 cards per card region 8192
 CPUs: 8 total, 8 available
 Memory: 24530M
 Large Page Support: Disabled
 NUMA Support: Disabled
 Compressed Oops: Enabled (Zero based)
 Heap Region Size: 4M
 Heap Min Capacity: 8M
 Heap Initial Capacity: 384M
 Heap Max Capacity: 6136M
 Pre-touch: Disabled
 Parallel Workers: 8
 Concurrent Workers: 2
 Concurrent Refinement Workers: 8
 Periodic GC: Disabled

Heap:
 garbage-first heap   total reserved 6283264K, committed 98304K, used 60779K [0x0000000680800000, 0x0000000800000000)
  region size 4096K, 10 young (40960K), 0 survivors (0K)
 Metaspace       used 68361K, committed 68992K, reserved 1114112K
  class space    used 9322K, committed 9600K, reserved 1048576K

Heap Regions: E=young(eden), S=young(survivor), O=old, HS=humongous(starts), HC=humongous(continues), CS=collection set, F=free, TAMS=top-at-mark-start, PB=parsable bottom
|   0|0x0000000680800000, 0x0000000680c00000, 0x0000000680c00000|100%| O|  |TAMS 0x0000000680800000| PB 0x0000000680800000| Untracked |  0
|   1|0x0000000680c00000, 0x0000000680ff8db0, 0x0000000681000000| 99%| O|  |TAMS 0x0000000680c00000| PB 0x0000000680c00000| Untracked |  0
|   2|0x0000000681000000, 0x00000006813ffe70, 0x0000000681400000| 99%| O|  |TAMS 0x0000000681000000| PB 0x0000000681000000| Untracked |  0
|   3|0x0000000681400000, 0x0000000681800000, 0x0000000681800000|100%| O|  |TAMS 0x0000000681400000| PB 0x0000000681400000| Untracked |  0
|   4|0x0000000681800000, 0x0000000681bfffe8, 0x0000000681c00000| 99%| O|  |TAMS 0x0000000681800000| PB 0x0000000681800000| Untracked |  0
|   5|0x0000000681c00000, 0x0000000681c60fe0, 0x0000000682000000|  9%| O|  |TAMS 0x0000000681c00000| PB 0x0000000681c00000| Untracked |  0
|   6|0x0000000682000000, 0x0000000682301278, 0x0000000682400000| 75%| O|  |TAMS 0x0000000682000000| PB 0x0000000682000000| Untracked |  0
|   7|0x0000000682400000, 0x0000000682400000, 0x0000000682800000|  0%| F|  |TAMS 0x0000000682400000| PB 0x0000000682400000| Untracked |  0
|   8|0x0000000682800000, 0x0000000682800000, 0x0000000682c00000|  0%| F|  |TAMS 0x0000000682800000| PB 0x0000000682800000| Untracked |  0
|   9|0x0000000682c00000, 0x0000000682c00000, 0x0000000683000000|  0%| F|  |TAMS 0x0000000682c00000| PB 0x0000000682c00000| Untracked |  0
|  10|0x0000000683000000, 0x0000000683000000, 0x0000000683400000|  0%| F|  |TAMS 0x0000000683000000| PB 0x0000000683000000| Untracked |  0
|  11|0x0000000683400000, 0x0000000683400000, 0x0000000683800000|  0%| F|  |TAMS 0x0000000683400000| PB 0x0000000683400000| Untracked |  0
|  12|0x0000000683800000, 0x0000000683800000, 0x0000000683c00000|  0%| F|  |TAMS 0x0000000683800000| PB 0x0000000683800000| Untracked |  0
|  13|0x0000000683c00000, 0x0000000683c00000, 0x0000000684000000|  0%| F|  |TAMS 0x0000000683c00000| PB 0x0000000683c00000| Untracked |  0
|  14|0x0000000684000000, 0x000000068428a4e0, 0x0000000684400000| 63%| E|  |TAMS 0x0000000684000000| PB 0x0000000684000000| Complete |  0
|  15|0x0000000684400000, 0x0000000684800000, 0x0000000684800000|100%| E|CS|TAMS 0x0000000684400000| PB 0x0000000684400000| Complete |  0
|  16|0x0000000684800000, 0x0000000684c00000, 0x0000000684c00000|100%| E|CS|TAMS 0x0000000684800000| PB 0x0000000684800000| Complete |  0
|  17|0x0000000684c00000, 0x0000000685000000, 0x0000000685000000|100%| E|CS|TAMS 0x0000000684c00000| PB 0x0000000684c00000| Complete |  0
|  18|0x0000000685000000, 0x0000000685400000, 0x0000000685400000|100%| E|CS|TAMS 0x0000000685000000| PB 0x0000000685000000| Complete |  0
|  19|0x0000000685400000, 0x0000000685800000, 0x0000000685800000|100%| E|CS|TAMS 0x0000000685400000| PB 0x0000000685400000| Complete |  0
|  20|0x0000000685800000, 0x0000000685c00000, 0x0000000685c00000|100%| E|CS|TAMS 0x0000000685800000| PB 0x0000000685800000| Complete |  0
|  21|0x0000000685c00000, 0x0000000686000000, 0x0000000686000000|100%| E|CS|TAMS 0x0000000685c00000| PB 0x0000000685c00000| Complete |  0
|  22|0x0000000686000000, 0x0000000686400000, 0x0000000686400000|100%| E|CS|TAMS 0x0000000686000000| PB 0x0000000686000000| Complete |  0
|  23|0x0000000686400000, 0x0000000686800000, 0x0000000686800000|100%| E|CS|TAMS 0x0000000686400000| PB 0x0000000686400000| Complete |  0

Card table byte_map: [0x00000170cf770000,0x00000170d0370000] _byte_map_base: 0x00000170cc36c000

Marking Bits: (CMBitMap*) 0x00000170b9b5ec20
 Bits: [0x00000170d0370000, 0x00000170d6350000)

Polling page: 0x00000170b9850000

Metaspace:

Usage:
  Non-class:     57.66 MB used.
      Class:      9.10 MB used.
       Both:     66.76 MB used.

Virtual space:
  Non-class space:       64.00 MB reserved,      58.00 MB ( 91%) committed,  1 nodes.
      Class space:        1.00 GB reserved,       9.38 MB ( <1%) committed,  1 nodes.
             Both:        1.06 GB reserved,      67.38 MB (  6%) committed. 

Chunk freelists:
   Non-Class:  5.38 MB
       Class:  6.44 MB
        Both:  11.82 MB

MaxMetaspaceSize: unlimited
CompressedClassSpaceSize: 1.00 GB
Initial GC threshold: 21.00 MB
Current GC threshold: 111.56 MB
CDS: on
 - commit_granule_bytes: 65536.
 - commit_granule_words: 8192.
 - virtual_space_node_default_size: 8388608.
 - enlarge_chunks_in_place: 1.
 - use_allocation_guard: 0.


Internal statistics:

num_allocs_failed_limit: 9.
num_arena_births: 904.
num_arena_deaths: 0.
num_vsnodes_births: 2.
num_vsnodes_deaths: 0.
num_space_committed: 1078.
num_space_uncommitted: 0.
num_chunks_returned_to_freelist: 9.
num_chunks_taken_from_freelist: 3368.
num_chunk_merges: 9.
num_chunk_splits: 2391.
num_chunks_enlarged: 1834.
num_inconsistent_stats: 0.

CodeHeap 'non-profiled nmethods': size=120064Kb used=3728Kb max_used=3728Kb free=116335Kb
 bounds [0x00000170c6bc0000, 0x00000170c6f70000, 0x00000170ce100000]
CodeHeap 'profiled nmethods': size=120000Kb used=9848Kb max_used=9848Kb free=110151Kb
 bounds [0x00000170bf100000, 0x00000170bfaa0000, 0x00000170c6630000]
CodeHeap 'non-nmethods': size=5696Kb used=1730Kb max_used=1814Kb free=3965Kb
 bounds [0x00000170c6630000, 0x00000170c68a0000, 0x00000170c6bc0000]
CodeCache: size=245760Kb, used=15306Kb, max_used=15390Kb, free=230451Kb
 total_blobs=7072, nmethods=6351, adapters=626, full_count=0
Compilation: enabled, stopped_count=0, restarted_count=0

Compilation events (20 events):
Event: 567.480 Thread 0x00000170d8a8f870 7248       3       java.lang.Character::codePointAt (8 bytes)
Event: 567.480 Thread 0x00000170d8a8f870 nmethod 7248 0x00000170bfa9ae08 code [0x00000170bfa9af20, 0x00000170bfa9b050]
Event: 567.480 Thread 0x00000170d8a8f870 7249       3       java.lang.Character::codePointAtImpl (41 bytes)
Event: 567.480 Thread 0x00000170d8a8f870 nmethod 7249 0x00000170bfa9b108 code [0x00000170bfa9b260, 0x00000170bfa9b660]
Event: 567.483 Thread 0x00000170d8a8f870 7250       3       sun.security.jca.ProviderList$ServiceIterator::tryGet (304 bytes)
Event: 567.485 Thread 0x00000170d8a8f870 nmethod 7250 0x00000170bfa9b688 code [0x00000170bfa9b960, 0x00000170bfa9d058]
Event: 567.488 Thread 0x00000170d8a85610 7251       4       java.lang.String$CaseInsensitiveComparator::compare (13 bytes)
Event: 567.488 Thread 0x00000170d8a8f870 7252       1       org.postgresql.core.QueryExecutorBase::isColumnSanitiserDisabled (5 bytes)
Event: 567.488 Thread 0x00000170d8a8f870 nmethod 7252 0x00000170c6f62b08 code [0x00000170c6f62c20, 0x00000170c6f62cf0]
Event: 567.494 Thread 0x00000170d8a85610 nmethod 7251 0x00000170c6f62e08 code [0x00000170c6f62f40, 0x00000170c6f63628]
Event: 567.518 Thread 0x00000170d8a8f870 7253  s    3       java.util.Properties::put (10 bytes)
Event: 567.519 Thread 0x00000170d8a8f870 nmethod 7253 0x00000170bfa9d108 code [0x00000170bfa9d240, 0x00000170bfa9d600]
Event: 567.581 Thread 0x00000170d8a8f870 7254       3       org.postgresql.core.v3.SimpleQuery::<init> (20 bytes)
Event: 567.581 Thread 0x00000170d8a85610 7256       4       java.lang.Integer::parseInt (285 bytes)
Event: 567.582 Thread 0x00000170d8a8f870 nmethod 7254 0x00000170bfa9d688 code [0x00000170bfa9d7a0, 0x00000170bfa9d9d8]
Event: 567.582 Thread 0x00000170d8a8f870 7255       3       java.util.Hashtable$Entry::<init> (26 bytes)
Event: 567.582 Thread 0x00000170d8a8f870 nmethod 7255 0x00000170bfa9da08 code [0x00000170bfa9db20, 0x00000170bfa9ddb8]
Event: 567.582 Thread 0x00000170d8a8f870 7257       3       java.lang.invoke.Invokers::checkGenericType (6 bytes)
Event: 567.582 Thread 0x00000170d8a8f870 nmethod 7257 0x00000170bfa9de08 code [0x00000170bfa9df60, 0x00000170bfa9e298]
Event: 567.587 Thread 0x00000170d8a85610 nmethod 7256 0x00000170c6f63708 code [0x00000170c6f63880, 0x00000170c6f64070]

GC Heap History (20 events):
Event: 7.387 GC heap before
{Heap before GC invocations=10 (full 0):
 garbage-first heap   total reserved 6283264K, committed 57344K, used 43344K [0x0000000680800000, 0x0000000800000000)
  region size 4096K, 7 young (28672K), 1 survivors (4096K)
 Metaspace       used 33927K, committed 34496K, reserved 1114112K
  class space    used 4295K, committed 4544K, reserved 1048576K
}
Event: 7.391 GC heap after
{Heap after GC invocations=11 (full 0):
 garbage-first heap   total reserved 6283264K, committed 57344K, used 19766K [0x0000000680800000, 0x0000000800000000)
  region size 4096K, 1 young (4096K), 1 survivors (4096K)
 Metaspace       used 33927K, committed 34496K, reserved 1114112K
  class space    used 4295K, committed 4544K, reserved 1048576K
}
Event: 7.550 GC heap before
{Heap before GC invocations=11 (full 0):
 garbage-first heap   total reserved 6283264K, committed 57344K, used 36150K [0x0000000680800000, 0x0000000800000000)
  region size 4096K, 6 young (24576K), 1 survivors (4096K)
 Metaspace       used 35579K, committed 36096K, reserved 1114112K
  class space    used 4542K, committed 4736K, reserved 1048576K
}
Event: 7.553 GC heap after
{Heap after GC invocations=12 (full 0):
 garbage-first heap   total reserved 6283264K, committed 57344K, used 20091K [0x0000000680800000, 0x0000000800000000)
  region size 4096K, 1 young (4096K), 1 survivors (4096K)
 Metaspace       used 35579K, committed 36096K, reserved 1114112K
  class space    used 4542K, committed 4736K, reserved 1048576K
}
Event: 7.788 GC heap before
{Heap before GC invocations=13 (full 0):
 garbage-first heap   total reserved 6283264K, committed 57344K, used 44667K [0x0000000680800000, 0x0000000800000000)
  region size 4096K, 7 young (28672K), 1 survivors (4096K)
 Metaspace       used 37912K, committed 38464K, reserved 1114112K
  class space    used 4930K, committed 5184K, reserved 1048576K
}
Event: 7.790 GC heap after
{Heap after GC invocations=14 (full 0):
 garbage-first heap   total reserved 6283264K, committed 57344K, used 20521K [0x0000000680800000, 0x0000000800000000)
  region size 4096K, 1 young (4096K), 1 survivors (4096K)
 Metaspace       used 37912K, committed 38464K, reserved 1114112K
  class space    used 4930K, committed 5184K, reserved 1048576K
}
Event: 8.030 GC heap before
{Heap before GC invocations=14 (full 0):
 garbage-first heap   total reserved 6283264K, committed 57344K, used 45097K [0x0000000680800000, 0x0000000800000000)
  region size 4096K, 7 young (28672K), 1 survivors (4096K)
 Metaspace       used 39987K, committed 40448K, reserved 1114112K
  class space    used 5298K, committed 5504K, reserved 1048576K
}
Event: 8.033 GC heap after
{Heap after GC invocations=15 (full 0):
 garbage-first heap   total reserved 6283264K, committed 57344K, used 20986K [0x0000000680800000, 0x0000000800000000)
  region size 4096K, 1 young (4096K), 1 survivors (4096K)
 Metaspace       used 39987K, committed 40448K, reserved 1114112K
  class space    used 5298K, committed 5504K, reserved 1048576K
}
Event: 8.659 GC heap before
{Heap before GC invocations=15 (full 0):
 garbage-first heap   total reserved 6283264K, committed 57344K, used 45562K [0x0000000680800000, 0x0000000800000000)
  region size 4096K, 7 young (28672K), 1 survivors (4096K)
 Metaspace       used 43236K, committed 43776K, reserved 1114112K
  class space    used 5683K, committed 5952K, reserved 1048576K
}
Event: 8.664 GC heap after
{Heap after GC invocations=16 (full 0):
 garbage-first heap   total reserved 6283264K, committed 57344K, used 21919K [0x0000000680800000, 0x0000000800000000)
  region size 4096K, 1 young (4096K), 1 survivors (4096K)
 Metaspace       used 43236K, committed 43776K, reserved 1114112K
  class space    used 5683K, committed 5952K, reserved 1048576K
}
Event: 8.932 GC heap before
{Heap before GC invocations=16 (full 0):
 garbage-first heap   total reserved 6283264K, committed 57344K, used 46495K [0x0000000680800000, 0x0000000800000000)
  region size 4096K, 7 young (28672K), 1 survivors (4096K)
 Metaspace       used 45552K, committed 46144K, reserved 1114112K
  class space    used 6027K, committed 6272K, reserved 1048576K
}
Event: 8.934 GC heap after
{Heap after GC invocations=17 (full 0):
 garbage-first heap   total reserved 6283264K, committed 57344K, used 22464K [0x0000000680800000, 0x0000000800000000)
  region size 4096K, 1 young (4096K), 1 survivors (4096K)
 Metaspace       used 45552K, committed 46144K, reserved 1114112K
  class space    used 6027K, committed 6272K, reserved 1048576K
}
Event: 9.175 GC heap before
{Heap before GC invocations=17 (full 0):
 garbage-first heap   total reserved 6283264K, committed 57344K, used 47040K [0x0000000680800000, 0x0000000800000000)
  region size 4096K, 7 young (28672K), 1 survivors (4096K)
 Metaspace       used 47950K, committed 48448K, reserved 1114112K
  class space    used 6292K, committed 6528K, reserved 1048576K
}
Event: 9.179 GC heap after
{Heap after GC invocations=18 (full 0):
 garbage-first heap   total reserved 6283264K, committed 225280K, used 23111K [0x0000000680800000, 0x0000000800000000)
  region size 4096K, 1 young (4096K), 1 survivors (4096K)
 Metaspace       used 47950K, committed 48448K, reserved 1114112K
  class space    used 6292K, committed 6528K, reserved 1048576K
}
Event: 10.549 GC heap before
{Heap before GC invocations=18 (full 0):
 garbage-first heap   total reserved 6283264K, committed 225280K, used 137799K [0x0000000680800000, 0x0000000800000000)
  region size 4096K, 31 young (126976K), 1 survivors (4096K)
 Metaspace       used 60006K, committed 60608K, reserved 1114112K
  class space    used 8186K, committed 8448K, reserved 1048576K
}
Event: 10.555 GC heap after
{Heap after GC invocations=19 (full 0):
 garbage-first heap   total reserved 6283264K, committed 225280K, used 26659K [0x0000000680800000, 0x0000000800000000)
  region size 4096K, 2 young (8192K), 2 survivors (8192K)
 Metaspace       used 60006K, committed 60608K, reserved 1114112K
  class space    used 8186K, committed 8448K, reserved 1048576K
}
Event: 22.369 GC heap before
{Heap before GC invocations=20 (full 0):
 garbage-first heap   total reserved 6283264K, committed 110592K, used 79907K [0x0000000680800000, 0x0000000800000000)
  region size 4096K, 16 young (65536K), 2 survivors (8192K)
 Metaspace       used 64546K, committed 65216K, reserved 1114112K
  class space    used 8826K, committed 9152K, reserved 1048576K
}
Event: 22.378 GC heap after
{Heap after GC invocations=21 (full 0):
 garbage-first heap   total reserved 6283264K, committed 110592K, used 29140K [0x0000000680800000, 0x0000000800000000)
  region size 4096K, 2 young (8192K), 2 survivors (8192K)
 Metaspace       used 64546K, committed 65216K, reserved 1114112K
  class space    used 8826K, committed 9152K, reserved 1048576K
}
Event: 565.356 GC heap before
{Heap before GC invocations=21 (full 0):
 garbage-first heap   total reserved 6283264K, committed 110592K, used 61908K [0x0000000680800000, 0x0000000800000000)
  region size 4096K, 12 young (49152K), 2 survivors (8192K)
 Metaspace       used 67864K, committed 68544K, reserved 1114112K
  class space    used 9306K, committed 9600K, reserved 1048576K
}
Event: 565.409 GC heap after
{Heap after GC invocations=22 (full 1):
 garbage-first heap   total reserved 6283264K, committed 98304K, used 23915K [0x0000000680800000, 0x0000000800000000)
  region size 4096K, 0 young (0K), 0 survivors (0K)
 Metaspace       used 67864K, committed 68544K, reserved 1114112K
  class space    used 9306K, committed 9600K, reserved 1048576K
}

Dll operation events (12 events):
Event: 0.053 Loaded shared library C:\Users\Pedro\.p2\pool\plugins\org.eclipse.justj.openjdk.hotspot.jre.full.win32.x86_64_23.0.1.v20241024-1700\jre\bin\java.dll
Event: 0.273 Loaded shared library C:\Users\Pedro\.p2\pool\plugins\org.eclipse.justj.openjdk.hotspot.jre.full.win32.x86_64_23.0.1.v20241024-1700\jre\bin\zip.dll
Event: 0.463 Loaded shared library C:\Users\Pedro\.p2\pool\plugins\org.eclipse.justj.openjdk.hotspot.jre.full.win32.x86_64_23.0.1.v20241024-1700\jre\bin\instrument.dll
Event: 0.468 Loaded shared library C:\Users\Pedro\.p2\pool\plugins\org.eclipse.justj.openjdk.hotspot.jre.full.win32.x86_64_23.0.1.v20241024-1700\jre\bin\net.dll
Event: 0.471 Loaded shared library C:\Users\Pedro\.p2\pool\plugins\org.eclipse.justj.openjdk.hotspot.jre.full.win32.x86_64_23.0.1.v20241024-1700\jre\bin\nio.dll
Event: 0.510 Loaded shared library C:\Users\Pedro\.p2\pool\plugins\org.eclipse.justj.openjdk.hotspot.jre.full.win32.x86_64_23.0.1.v20241024-1700\jre\bin\zip.dll
Event: 3.352 Loaded shared library C:\Users\Pedro\.p2\pool\plugins\org.eclipse.justj.openjdk.hotspot.jre.full.win32.x86_64_23.0.1.v20241024-1700\jre\bin\jimage.dll
Event: 3.405 Loaded shared library C:\Users\Pedro\.p2\pool\plugins\org.eclipse.justj.openjdk.hotspot.jre.full.win32.x86_64_23.0.1.v20241024-1700\jre\bin\verify.dll
Event: 3.775 Loaded shared library C:\Users\Pedro\.p2\pool\plugins\org.eclipse.justj.openjdk.hotspot.jre.full.win32.x86_64_23.0.1.v20241024-1700\jre\bin\management.dll
Event: 3.780 Loaded shared library C:\Users\Pedro\.p2\pool\plugins\org.eclipse.justj.openjdk.hotspot.jre.full.win32.x86_64_23.0.1.v20241024-1700\jre\bin\management_ext.dll
Event: 5.000 Loaded shared library C:\Users\Pedro\.p2\pool\plugins\org.eclipse.justj.openjdk.hotspot.jre.full.win32.x86_64_23.0.1.v20241024-1700\jre\bin\sunmscapi.dll
Event: 8.128 Loaded shared library C:\Users\Pedro\.p2\pool\plugins\org.eclipse.justj.openjdk.hotspot.jre.full.win32.x86_64_23.0.1.v20241024-1700\jre\bin\extnet.dll

Deoptimization events (20 events):
Event: 566.601 Thread 0x000001711f58c590 DEOPT PACKING pc=0x00000170bf699e79 sp=0x00000026519f9e90
Event: 566.601 Thread 0x000001711f58c590 DEOPT UNPACKING pc=0x00000170c6684b22 sp=0x00000026519f9368 mode 1
Event: 566.601 Thread 0x000001711f58c590 DEOPT PACKING pc=0x00000170bf6990c4 sp=0x00000026519f9f20
Event: 566.601 Thread 0x000001711f58c590 DEOPT UNPACKING pc=0x00000170c6684b22 sp=0x00000026519f94d0 mode 1
Event: 566.601 Thread 0x000001711f58c590 DEOPT PACKING pc=0x00000170bf696eb4 sp=0x00000026519fa090
Event: 566.601 Thread 0x000001711f58c590 DEOPT UNPACKING pc=0x00000170c6684b22 sp=0x00000026519f9630 mode 1
Event: 566.601 Thread 0x000001711f58c590 DEOPT PACKING pc=0x00000170bf699e79 sp=0x00000026519f9e90
Event: 566.601 Thread 0x000001711f58c590 DEOPT UNPACKING pc=0x00000170c6684b22 sp=0x00000026519f9368 mode 1
Event: 566.601 Thread 0x000001711f58c590 DEOPT PACKING pc=0x00000170bf6990c4 sp=0x00000026519f9f20
Event: 566.601 Thread 0x000001711f58c590 DEOPT UNPACKING pc=0x00000170c6684b22 sp=0x00000026519f94d0 mode 1
Event: 566.601 Thread 0x000001711f58c590 DEOPT PACKING pc=0x00000170bf696eb4 sp=0x00000026519fa090
Event: 566.601 Thread 0x000001711f58c590 DEOPT UNPACKING pc=0x00000170c6684b22 sp=0x00000026519f9630 mode 1
Event: 566.603 Thread 0x000001711f58c590 DEOPT PACKING pc=0x00000170bf699e79 sp=0x00000026519fd240
Event: 566.603 Thread 0x000001711f58c590 DEOPT UNPACKING pc=0x00000170c6684b22 sp=0x00000026519fc718 mode 1
Event: 566.603 Thread 0x000001711f58c590 DEOPT PACKING pc=0x00000170bf6990c4 sp=0x00000026519fd2d0
Event: 566.603 Thread 0x000001711f58c590 DEOPT UNPACKING pc=0x00000170c6684b22 sp=0x00000026519fc880 mode 1
Event: 566.603 Thread 0x000001711f58c590 DEOPT PACKING pc=0x00000170bf696eb4 sp=0x00000026519fd440
Event: 566.603 Thread 0x000001711f58c590 DEOPT UNPACKING pc=0x00000170c6684b22 sp=0x00000026519fc9e0 mode 1
Event: 576.148 Thread 0x000001711f58c590 DEOPT PACKING pc=0x00000170bf3cde6c sp=0x00000026519fe250
Event: 576.148 Thread 0x000001711f58c590 DEOPT UNPACKING pc=0x00000170c6684b22 sp=0x00000026519fd708 mode 0

Classes loaded (20 events):
Event: 22.599 Loading class org/w3c/dom/Node
Event: 22.599 Loading class org/w3c/dom/Node done
Event: 22.600 Loading class org/w3c/dom/Document
Event: 22.600 Loading class org/w3c/dom/Document done
Event: 22.610 Loading class java/math/MathContext
Event: 22.610 Loading class java/math/MathContext done
Event: 22.616 Loading class java/math/BigDecimal$StringBuilderHelper
Event: 22.616 Loading class java/math/BigDecimal$StringBuilderHelper done
Event: 565.313 Loading class java/util/concurrent/locks/AbstractQueuedSynchronizer$SharedNode
Event: 565.313 Loading class java/util/concurrent/locks/AbstractQueuedSynchronizer$SharedNode done
Event: 565.328 Loading class java/util/AbstractMap$2
Event: 565.328 Loading class java/util/AbstractMap$2 done
Event: 565.329 Loading class java/util/AbstractMap$ValueIterator
Event: 565.329 Loading class java/util/AbstractMap$ValueIterator done
Event: 565.409 Loading class java/lang/ref/Finalizer$2
Event: 565.409 Loading class java/lang/ref/Finalizer$2 done
Event: 565.410 Loading class java/lang/ref/Finalizer$1
Event: 565.410 Loading class java/lang/ref/Finalizer$1 done
Event: 566.606 Loading class java/lang/invoke/WrongMethodTypeException
Event: 566.606 Loading class java/lang/invoke/WrongMethodTypeException done

Classes unloaded (0 events):
No events

Classes redefined (3 events):
Event: 564.166 Thread 0x00000170d8a4c090 redefined class name=com.project.stocksAPI.controllers.SearchHistoryController, count=1
Event: 576.176 Thread 0x00000170d8a4c090 redefined class name=com.project.stocksAPI.controllers.SearchHistoryController, count=1
Event: 576.176 Thread 0x00000170d8a4c090 redefined class name=com.project.stocksAPI.controllers.SearchHistoryController, count=2

Internal exceptions (20 events):
Event: 10.740 Thread 0x000001711f080950 Exception <a 'java/lang/IncompatibleClassChangeError'{0x000000068637d340}: Found class java.lang.Object, but interface was expected> (0x000000068637d340) 
thrown [s\src\hotspot\share\interpreter\linkResolver.cpp, line 863]
Event: 10.819 Thread 0x000001711f080950 Implicit null exception at 0x00000170c6d470a4 to 0x00000170c6d47124
Event: 10.979 Thread 0x000001711f080950 Exception <a 'java/lang/NoSuchMethodError'{0x000000068578f638}: 'java.lang.Object java.lang.invoke.DirectMethodHandle$Holder.newInvokeSpecial(java.lang.Object, java.lang.Object, int, java.lang.Object, java.lang.Object)'> (0x000000068578f638) 
thrown [s\src\hotspot\share\interpreter\linkResolver.cpp, line 796]
Event: 22.149 Thread 0x000001711f590730 Exception <a 'java/lang/NoSuchMethodError'{0x000000068488d860}: 'java.lang.Object java.lang.invoke.DirectMethodHandle$Holder.invokeStatic(java.lang.Object, java.lang.Object, java.lang.Object, int, int)'> (0x000000068488d860) 
thrown [s\src\hotspot\share\interpreter\linkResolver.cpp, line 796]
Event: 22.149 Thread 0x000001711f590730 Exception <a 'java/lang/NoSuchMethodError'{0x0000000684891018}: 'java.lang.Object java.lang.invoke.DirectMethodHandle$Holder.invokeStaticInit(java.lang.Object, java.lang.Object, java.lang.Object, int, int)'> (0x0000000684891018) 
thrown [s\src\hotspot\share\interpreter\linkResolver.cpp, line 796]
Event: 22.184 Thread 0x000001711f589e30 Exception <a 'java/lang/NoSuchMethodError'{0x0000000684baec58}: 'java.lang.Object java.lang.invoke.DirectMethodHandle$Holder.invokeSpecial(java.lang.Object, java.lang.Object, java.lang.Object, java.lang.Object, java.lang.Object, long)'> (0x0000000684baec58) 
thrown [s\src\hotspot\share\interpreter\linkResolver.cpp, line 796]
Event: 22.184 Thread 0x000001711f589e30 Exception <a 'java/lang/NoSuchMethodError'{0x0000000684bb2430}: 'java.lang.Object java.lang.invoke.Invokers$Holder.linkToTargetMethod(java.lang.Object, java.lang.Object, java.lang.Object, long, java.lang.Object)'> (0x0000000684bb2430) 
thrown [s\src\hotspot\share\interpreter\linkResolver.cpp, line 796]
Event: 22.428 Thread 0x000001711f589e30 Exception <a 'java/lang/NoSuchMethodError'{0x0000000686e3f350}: 'java.lang.Object java.lang.invoke.DirectMethodHandle$Holder.invokeInterface(java.lang.Object, java.lang.Object, java.lang.Object, java.lang.Object)'> (0x0000000686e3f350) 
thrown [s\src\hotspot\share\interpreter\linkResolver.cpp, line 796]
Event: 22.440 Thread 0x000001711f589e30 Exception <a 'java/lang/IncompatibleClassChangeError'{0x0000000686f7d770}: Found class java.lang.Object, but interface was expected> (0x0000000686f7d770) 
thrown [s\src\hotspot\share\interpreter\linkResolver.cpp, line 863]
Event: 22.536 Thread 0x000001711f589e30 Exception <a 'java/lang/IncompatibleClassChangeError'{0x0000000686239598}: Found class java.lang.Object, but interface was expected> (0x0000000686239598) 
thrown [s\src\hotspot\share\interpreter\linkResolver.cpp, line 863]
Event: 565.353 Thread 0x0000017124891970 Exception <a 'java/lang/InterruptedException'{0x0000000684e990d8}: sleep interrupted> (0x0000000684e990d8) 
thrown [s\src\hotspot\share\prims\jvm.cpp, line 3093]
Event: 565.427 Thread 0x000001711f58c590 Exception <a 'sun/nio/fs/WindowsException'{0x000000068647b2b8}> (0x000000068647b2b8) 
thrown [s\src\hotspot\share\prims\jni.cpp, line 520]
Event: 566.048 Thread 0x000001711f58c590 Exception <a 'java/lang/NoClassDefFoundError'{0x00000006850e9cb0}: org/flywaydb/core/Flyway> (0x00000006850e9cb0) 
thrown [s\src\hotspot\share\oops\constantPool.cpp, line 867]
Event: 566.050 Thread 0x000001711f58c590 Exception <a 'java/lang/NoClassDefFoundError'{0x00000006850ea310}: liquibase/integration/spring/SpringLiquibase> (0x00000006850ea310) 
thrown [s\src\hotspot\share\oops\constantPool.cpp, line 867]
Event: 566.058 Thread 0x000001711f58c590 Exception <a 'java/lang/NoClassDefFoundError'{0x0000000685102d70}: org/jooq/DSLContext> (0x0000000685102d70) 
thrown [s\src\hotspot\share\oops\constantPool.cpp, line 867]
Event: 566.063 Thread 0x000001711f58c590 Exception <a 'java/lang/NoClassDefFoundError'{0x00000006851350c8}: org/springframework/batch/core/repository/JobRepository> (0x00000006851350c8) 
thrown [s\src\hotspot\share\oops\constantPool.cpp, line 867]
Event: 566.065 Thread 0x000001711f58c590 Exception <a 'java/lang/NoClassDefFoundError'{0x0000000685135720}: org/quartz/Scheduler> (0x0000000685135720) 
thrown [s\src\hotspot\share\oops\constantPool.cpp, line 867]
Event: 566.068 Thread 0x000001711f58c590 Exception <a 'java/lang/NoClassDefFoundError'{0x0000000685135da0}: org/springframework/session/jdbc/JdbcIndexedSessionRepository> (0x0000000685135da0) 
thrown [s\src\hotspot\share\oops\constantPool.cpp, line 867]
Event: 566.183 Thread 0x000001711f58c590 Exception <a 'java/io/FileNotFoundException'{0x0000000684e29280}> (0x0000000684e29280) 
thrown [s\src\hotspot\share\prims\jni.cpp, line 520]
Event: 566.250 Thread 0x000001711f58c590 Exception <a 'java/io/FileNotFoundException'{0x0000000684f91318}> (0x0000000684f91318) 
thrown [s\src\hotspot\share\prims\jni.cpp, line 520]

VM Operations (20 events):
Event: 566.789 Executing VM operation: get/set locals
Event: 566.789 Executing VM operation: get/set locals done
Event: 566.790 Executing VM operation: get/set locals
Event: 566.790 Executing VM operation: get/set locals done
Event: 566.791 Executing VM operation: get/set locals
Event: 566.791 Executing VM operation: get/set locals done
Event: 566.792 Executing VM operation: get/set locals
Event: 566.792 Executing VM operation: get/set locals done
Event: 566.793 Executing VM operation: get/set locals
Event: 566.793 Executing VM operation: get/set locals done
Event: 566.794 Executing VM operation: get/set locals
Event: 566.794 Executing VM operation: get/set locals done
Event: 576.147 Executing VM operation: ChangeSingleStep
Event: 576.147 Executing VM operation: ChangeSingleStep done
Event: 576.148 Executing VM operation: ChangeSingleStep
Event: 576.148 Executing VM operation: ChangeSingleStep done
Event: 576.166 Executing VM operation: RedefineClasses
Event: 576.195 Executing VM operation: RedefineClasses done
Event: 576.198 Executing VM operation: ChangeSingleStep
Event: 576.198 Executing VM operation: ChangeSingleStep done

Memory protections (0 events):
No events

Nmethod flushes (20 events):
Event: 565.379 Thread 0x00000170d8a4c090 flushing  nmethod 0x00000170bf4dad88
Event: 565.379 Thread 0x00000170d8a4c090 flushing  nmethod 0x00000170bf517b88
Event: 565.379 Thread 0x00000170d8a4c090 flushing  nmethod 0x00000170bf551d88
Event: 565.379 Thread 0x00000170d8a4c090 flushing  nmethod 0x00000170bf552108
Event: 565.379 Thread 0x00000170d8a4c090 flushing  nmethod 0x00000170bf552788
Event: 565.379 Thread 0x00000170d8a4c090 flushing  nmethod 0x00000170bf572188
Event: 565.379 Thread 0x00000170d8a4c090 flushing  nmethod 0x00000170bf601f08
Event: 565.379 Thread 0x00000170d8a4c090 flushing  nmethod 0x00000170bf65f088
Event: 565.379 Thread 0x00000170d8a4c090 flushing  nmethod 0x00000170bf707d88
Event: 565.379 Thread 0x00000170d8a4c090 flushing  nmethod 0x00000170bf731b88
Event: 565.379 Thread 0x00000170d8a4c090 flushing  nmethod 0x00000170bf792308
Event: 565.379 Thread 0x00000170d8a4c090 flushing  nmethod 0x00000170bf821908
Event: 565.379 Thread 0x00000170d8a4c090 flushing  nmethod 0x00000170bf82f988
Event: 565.379 Thread 0x00000170d8a4c090 flushing  nmethod 0x00000170bf842788
Event: 565.379 Thread 0x00000170d8a4c090 flushing  nmethod 0x00000170bf850f88
Event: 565.379 Thread 0x00000170d8a4c090 flushing  nmethod 0x00000170bf884988
Event: 565.379 Thread 0x00000170d8a4c090 flushing  nmethod 0x00000170bf8a2408
Event: 565.379 Thread 0x00000170d8a4c090 flushing  nmethod 0x00000170bf8ee908
Event: 565.379 Thread 0x00000170d8a4c090 flushing  nmethod 0x00000170bf92ce88
Event: 565.379 Thread 0x00000170d8a4c090 flushing  nmethod 0x00000170bf9a0888

Events (20 events):
Event: 565.334 Thread 0x00000171248912e0 Thread exited: 0x00000171248912e0
Event: 565.337 Thread 0x000001711f58c590 Thread exited: 0x000001711f58c590
Event: 565.353 Thread 0x0000017124891970 Thread exited: 0x0000017124891970
Event: 565.354 Thread 0x00000171248905c0 Thread exited: 0x00000171248905c0
Event: 565.409 Thread 0x00000171248933b0 Thread exited: 0x00000171248933b0
Event: 565.410 Thread 0x000001711f58e660 Thread added: 0x000001711f58c590
Event: 565.410 Thread 0x000001711f58c590 Thread exited: 0x000001711f58c590
Event: 565.410 Thread 0x000001711f58e660 Thread added: 0x000001711f58c590
Event: 565.435 Thread 0x00000170d8a8f870 Thread added: 0x00000171211720e0
Event: 565.449 Thread 0x00000170d8a8f870 Thread added: 0x00000171211727b0
Event: 565.576 Thread 0x000001711f58c590 Thread added: 0x000001711f5897a0
Event: 565.646 Thread 0x000001711f5897a0 Thread exited: 0x000001711f5897a0
Event: 566.251 Thread 0x000001711f58c590 Thread added: 0x000001711f58cc20
Event: 566.251 Thread 0x000001711f58c590 Thread added: 0x000001711f58d2b0
Event: 566.252 Thread 0x000001711f58c590 Thread added: 0x000001711f589e30
Event: 566.498 Thread 0x000001711f58c590 Thread added: 0x000001711f58d940
Event: 566.609 Thread 0x000001711f58d940 Thread added: 0x000001711f590730
Event: 566.797 Thread 0x00000171211727b0 Thread exited: 0x00000171211727b0
Event: 566.797 Thread 0x00000171211720e0 Thread exited: 0x00000171211720e0
Event: 572.616 Thread 0x000001711f590730 Thread exited: 0x000001711f590730


Dynamic libraries:
0x00007ff696210000 - 0x00007ff69621e000 	C:\Users\Pedro\.p2\pool\plugins\org.eclipse.justj.openjdk.hotspot.jre.full.win32.x86_64_23.0.1.v20241024-1700\jre\bin\javaw.exe
0x00007ffa3d4e0000 - 0x00007ffa3d749000 	C:\WINDOWS\SYSTEM32\ntdll.dll
0x00007ffa3b730000 - 0x00007ffa3b7f9000 	C:\WINDOWS\System32\KERNEL32.DLL
0x00007ffa3abe0000 - 0x00007ffa3afd3000 	C:\WINDOWS\System32\KERNELBASE.dll
0x00007ffa3a730000 - 0x00007ffa3a87b000 	C:\WINDOWS\System32\ucrtbase.dll
0x00007ffa36750000 - 0x00007ffa36767000 	C:\Users\Pedro\.p2\pool\plugins\org.eclipse.justj.openjdk.hotspot.jre.full.win32.x86_64_23.0.1.v20241024-1700\jre\bin\jli.dll
0x00007ffa2b020000 - 0x00007ffa2b03e000 	C:\Users\Pedro\.p2\pool\plugins\org.eclipse.justj.openjdk.hotspot.jre.full.win32.x86_64_23.0.1.v20241024-1700\jre\bin\VCRUNTIME140.dll
0x00007ffa3cf60000 - 0x00007ffa3d124000 	C:\WINDOWS\System32\USER32.dll
0x00007ffa3a670000 - 0x00007ffa3a697000 	C:\WINDOWS\System32\win32u.dll
0x00007ffa3cf30000 - 0x00007ffa3cf5b000 	C:\WINDOWS\System32\GDI32.dll
0x00007ffa28e50000 - 0x00007ffa290e3000 	C:\WINDOWS\WinSxS\amd64_microsoft.windows.common-controls_6595b64144ccf1df_6.0.26100.5074_none_3e0d6f78e32fd63f\COMCTL32.dll
0x00007ffa3aab0000 - 0x00007ffa3abdd000 	C:\WINDOWS\System32\gdi32full.dll
0x00007ffa3d140000 - 0x00007ffa3d1e9000 	C:\WINDOWS\System32\msvcrt.dll
0x00007ffa3a880000 - 0x00007ffa3a923000 	C:\WINDOWS\System32\msvcp_win.dll
0x00007ffa3b2b0000 - 0x00007ffa3b2df000 	C:\WINDOWS\System32\IMM32.DLL
0x00007ffa2b010000 - 0x00007ffa2b01c000 	C:\Users\Pedro\.p2\pool\plugins\org.eclipse.justj.openjdk.hotspot.jre.full.win32.x86_64_23.0.1.v20241024-1700\jre\bin\vcruntime140_1.dll
0x00007ff9f8740000 - 0x00007ff9f87cd000 	C:\Users\Pedro\.p2\pool\plugins\org.eclipse.justj.openjdk.hotspot.jre.full.win32.x86_64_23.0.1.v20241024-1700\jre\bin\msvcp140.dll
0x00007ff97e3d0000 - 0x00007ff97f19d000 	C:\Users\Pedro\.p2\pool\plugins\org.eclipse.justj.openjdk.hotspot.jre.full.win32.x86_64_23.0.1.v20241024-1700\jre\bin\server\jvm.dll
0x00007ffa3bea0000 - 0x00007ffa3bf54000 	C:\WINDOWS\System32\ADVAPI32.dll
0x00007ffa3c040000 - 0x00007ffa3c0e6000 	C:\WINDOWS\System32\sechost.dll
0x00007ffa3d280000 - 0x00007ffa3d398000 	C:\WINDOWS\System32\RPCRT4.dll
0x00007ffa3b5f0000 - 0x00007ffa3b664000 	C:\WINDOWS\System32\WS2_32.dll
0x00007ffa3a080000 - 0x00007ffa3a0de000 	C:\WINDOWS\SYSTEM32\POWRPROF.dll
0x00007ffa33120000 - 0x00007ffa33155000 	C:\WINDOWS\SYSTEM32\WINMM.dll
0x00007ffa33160000 - 0x00007ffa3316b000 	C:\WINDOWS\SYSTEM32\VERSION.dll
0x00007ffa3a060000 - 0x00007ffa3a074000 	C:\WINDOWS\SYSTEM32\UMPDC.dll
0x00007ffa39420000 - 0x00007ffa3943b000 	C:\WINDOWS\SYSTEM32\kernel.appcore.dll
0x00007ffa36740000 - 0x00007ffa3674a000 	C:\Users\Pedro\.p2\pool\plugins\org.eclipse.justj.openjdk.hotspot.jre.full.win32.x86_64_23.0.1.v20241024-1700\jre\bin\jimage.dll
0x00007ffa37ac0000 - 0x00007ffa37d02000 	C:\WINDOWS\SYSTEM32\DBGHELP.DLL
0x00007ffa3c3e0000 - 0x00007ffa3c75b000 	C:\WINDOWS\System32\combase.dll
0x00007ffa3bf60000 - 0x00007ffa3c037000 	C:\WINDOWS\System32\OLEAUT32.dll
0x00007ffa217a0000 - 0x00007ffa217dd000 	C:\WINDOWS\SYSTEM32\dbgcore.DLL
0x00007ffa3b210000 - 0x00007ffa3b2a9000 	C:\WINDOWS\System32\bcryptPrimitives.dll
0x00007ffa16460000 - 0x00007ffa1649c000 	C:\Users\Pedro\.p2\pool\plugins\org.eclipse.justj.openjdk.hotspot.jre.full.win32.x86_64_23.0.1.v20241024-1700\jre\bin\jdwp.dll
0x00007ffa2a2d0000 - 0x00007ffa2a2df000 	C:\Users\Pedro\.p2\pool\plugins\org.eclipse.justj.openjdk.hotspot.jre.full.win32.x86_64_23.0.1.v20241024-1700\jre\bin\instrument.dll
0x00007ffa165a0000 - 0x00007ffa165be000 	C:\Users\Pedro\.p2\pool\plugins\org.eclipse.justj.openjdk.hotspot.jre.full.win32.x86_64_23.0.1.v20241024-1700\jre\bin\java.dll
0x00007ffa3bd00000 - 0x00007ffa3be98000 	C:\WINDOWS\System32\ole32.dll
0x00007ffa3c760000 - 0x00007ffa3cead000 	C:\WINDOWS\System32\SHELL32.dll
0x00007ffa3b0a0000 - 0x00007ffa3b20c000 	C:\WINDOWS\System32\wintypes.dll
0x00007ffa382b0000 - 0x00007ffa38b09000 	C:\WINDOWS\SYSTEM32\windows.storage.dll
0x00007ffa3d3a0000 - 0x00007ffa3d490000 	C:\WINDOWS\System32\SHCORE.dll
0x00007ffa3c1f0000 - 0x00007ffa3c252000 	C:\WINDOWS\System32\shlwapi.dll
0x00007ffa3a590000 - 0x00007ffa3a5b9000 	C:\WINDOWS\SYSTEM32\profapi.dll
0x00007ffa11850000 - 0x00007ffa11867000 	C:\Users\Pedro\.p2\pool\plugins\org.eclipse.justj.openjdk.hotspot.jre.full.win32.x86_64_23.0.1.v20241024-1700\jre\bin\zip.dll
0x00007ffa19620000 - 0x00007ffa1962c000 	C:\Users\Pedro\.p2\pool\plugins\org.eclipse.justj.openjdk.hotspot.jre.full.win32.x86_64_23.0.1.v20241024-1700\jre\bin\dt_socket.dll
0x00007ffa38e60000 - 0x00007ffa38e94000 	C:\WINDOWS\SYSTEM32\IPHLPAPI.DLL
0x00007ffa399d0000 - 0x00007ffa39a3b000 	C:\WINDOWS\system32\mswsock.dll
0x00007ffa38f00000 - 0x00007ffa39026000 	C:\WINDOWS\SYSTEM32\DNSAPI.dll
0x00007ffa3b320000 - 0x00007ffa3b32a000 	C:\WINDOWS\System32\NSI.dll
0x00007ffa305a0000 - 0x00007ffa305ab000 	C:\Windows\System32\rasadhlp.dll
0x00007ffa30290000 - 0x00007ffa30316000 	C:\WINDOWS\System32\fwpuclnt.dll
0x00007ffa34290000 - 0x00007ffa342a0000 	C:\Users\Pedro\.p2\pool\plugins\org.eclipse.justj.openjdk.hotspot.jre.full.win32.x86_64_23.0.1.v20241024-1700\jre\bin\net.dll
0x00007ffa0bf40000 - 0x00007ffa0bf56000 	C:\Users\Pedro\.p2\pool\plugins\org.eclipse.justj.openjdk.hotspot.jre.full.win32.x86_64_23.0.1.v20241024-1700\jre\bin\nio.dll
0x00007ffa23c40000 - 0x00007ffa23c50000 	C:\Users\Pedro\.p2\pool\plugins\org.eclipse.justj.openjdk.hotspot.jre.full.win32.x86_64_23.0.1.v20241024-1700\jre\bin\verify.dll
0x00007ffa19610000 - 0x00007ffa1961a000 	C:\Users\Pedro\.p2\pool\plugins\org.eclipse.justj.openjdk.hotspot.jre.full.win32.x86_64_23.0.1.v20241024-1700\jre\bin\management.dll
0x00007ffa16c30000 - 0x00007ffa16c3b000 	C:\Users\Pedro\.p2\pool\plugins\org.eclipse.justj.openjdk.hotspot.jre.full.win32.x86_64_23.0.1.v20241024-1700\jre\bin\management_ext.dll
0x00007ffa3d270000 - 0x00007ffa3d278000 	C:\WINDOWS\System32\PSAPI.DLL
0x00007ffa16c10000 - 0x00007ffa16c1e000 	C:\Users\Pedro\.p2\pool\plugins\org.eclipse.justj.openjdk.hotspot.jre.full.win32.x86_64_23.0.1.v20241024-1700\jre\bin\sunmscapi.dll
0x00007ffa3a930000 - 0x00007ffa3aaa7000 	C:\WINDOWS\System32\CRYPT32.dll
0x00007ffa39f00000 - 0x00007ffa39f30000 	C:\WINDOWS\SYSTEM32\ncrypt.dll
0x00007ffa39eb0000 - 0x00007ffa39eef000 	C:\WINDOWS\SYSTEM32\NTASN1.dll
0x00007ffa39c70000 - 0x00007ffa39c8b000 	C:\WINDOWS\SYSTEM32\CRYPTSP.dll
0x00007ffa39380000 - 0x00007ffa393bb000 	C:\WINDOWS\system32\rsaenh.dll
0x00007ffa39a70000 - 0x00007ffa39a9b000 	C:\WINDOWS\SYSTEM32\USERENV.dll
0x00007ffa3a560000 - 0x00007ffa3a586000 	C:\WINDOWS\SYSTEM32\bcrypt.dll
0x00007ffa39c90000 - 0x00007ffa39c9c000 	C:\WINDOWS\SYSTEM32\CRYPTBASE.dll
0x00007ffa16ba0000 - 0x00007ffa16ba9000 	C:\Users\Pedro\.p2\pool\plugins\org.eclipse.justj.openjdk.hotspot.jre.full.win32.x86_64_23.0.1.v20241024-1700\jre\bin\extnet.dll
0x00007ffa34510000 - 0x00007ffa34518000 	C:\WINDOWS\system32\wshunix.dll

dbghelp: loaded successfully - version: 4.0.5 - missing functions: none
symbol engine: initialized successfully - sym options: 0x614 - pdb path: .;C:\Users\Pedro\.p2\pool\plugins\org.eclipse.justj.openjdk.hotspot.jre.full.win32.x86_64_23.0.1.v20241024-1700\jre\bin;C:\WINDOWS\SYSTEM32;C:\WINDOWS\WinSxS\amd64_microsoft.windows.common-controls_6595b64144ccf1df_6.0.26100.5074_none_3e0d6f78e32fd63f;C:\Users\Pedro\.p2\pool\plugins\org.eclipse.justj.openjdk.hotspot.jre.full.win32.x86_64_23.0.1.v20241024-1700\jre\bin\server

VM Arguments:
jvm_args: -XX:+ShowCodeDetailsInExceptionMessages -agentlib:jdwp=transport=dt_socket,suspend=y,address=localhost:65252 -javaagent:C:\Users\Pedro\eclipse\java-2024-09\eclipse\configuration\org.eclipse.osgi\251\0\.cp\lib\javaagent-shaded.jar -Dfile.encoding=UTF-8 -Dstdout.encoding=UTF-8 -Dstderr.encoding=UTF-8 
java_command: com.project.stocksAPI.Startup
java_class_path (initial): D:\Programas\stocksAPI\backend\target\classes;C:\Users\Pedro\.m2\repository\org\springframework\boot\spring-boot-starter-data-jpa\3.5.6\spring-boot-starter-data-jpa-3.5.6.jar;C:\Users\Pedro\.m2\repository\org\springframework\boot\spring-boot-starter\3.5.6\spring-boot-starter-3.5.6.jar;C:\Users\Pedro\.m2\repository\org\springframework\boot\spring-boot-starter-logging\3.5.6\spring-boot-starter-logging-3.5.6.jar;C:\Users\Pedro\.m2\repository\ch\qos\logback\logback-classic\1.5.18\logback-classic-1.5.18.jar;C:\Users\Pedro\.m2\repository\ch\qos\logback\logback-core\1.5.18\logback-core-1.5.18.jar;C:\Users\Pedro\.m2\repository\org\apache\logging\log4j\log4j-to-slf4j\2.24.3\log4j-to-slf4j-2.24.3.jar;C:\Users\Pedro\.m2\repository\org\apache\logging\log4j\log4j-api\2.24.3\log4j-api-2.24.3.jar;C:\Users\Pedro\.m2\repository\org\slf4j\jul-to-slf4j\2.0.17\jul-to-slf4j-2.0.17.jar;C:\Users\Pedro\.m2\repository\jakarta\annotation\jakarta.annotation-api\2.1.1\jakarta.annotation-api-2.1.1.jar;C:\Users\Pedro\.m2\repository\org\yaml\snakeyaml\2.4\snakeyaml-2.4.jar;C:\Users\Pedro\.m2\repository\org\springframework\boot\spring-boot-starter-jdbc\3.5.6\spring-boot-starter-jdbc-3.5.6.jar;C:\Users\Pedro\.m2\repository\com\zaxxer\HikariCP\6.3.3\HikariCP-6.3.3.jar;C:\Users\Pedro\.m2\repository\org\springframework\spring-jdbc\6.2.11\spring-jdbc-6.2.11.jar;C:\Users\Pedro\.m2\repository\org\hibernate\orm\hibernate-core\6.6.29.Final\hibernate-core-6.6.29.Final.jar;C:\Users\Pedro\.m2\repository\jakarta\persistence\jakarta.persistence-api\3.1.0\jakarta.persistence-api-3.1.0.jar;C:\Users\Pedro\.m2\repository\jakarta\transaction\jakarta.transaction-api\2.0.1\jakarta.transaction-api-2.0.1.jar;C:\Users\Pedro\.m2\repository\org\jboss\logging\jboss-logging\3.6.1.Final\jboss-logging-3.6.1.Final.jar;C:\Users\Pedro\.m2\repository\org\hibernate\common\hibernate-commons-annotations\7.0.3.Final\hibernate-commons-annotations-7.0.3.Final.jar;C:\Users\Pedro\.m2\repository\io\smallrye\jandex\3.2.0\jandex-3.2.0.jar;C:\Users\Pedro\.m2\repository\com\fasterxml\classmate\1.7.0\classmate-1.7.0.jar;C:\Users\Pedro\.m2\repository\net\bytebuddy\byte-buddy\1.17.7\byte-buddy-1.17.7.jar;C:\Users\Pedro\.m2\repository\org\glassfish\jaxb\jaxb-runtime\4.0.5\jaxb-runtime-4.0.5.jar;C:\Users\Pedro\.m2\repository\org\glassfish\jaxb\jaxb-core\4.0.5\jaxb-core-4.0.5.jar;C:\Users\Pedro\.m2\repository\org\eclipse\angus\angus-activation\2.0.2\angus-activation-2.0.2.jar;C:\Users\Pedro\.m2\repository\org\glassfish\jaxb\txw2\4.0.5\txw2-4.0.5.jar;C:\Users\Pedro\.m2\repository\com\sun\istack\istack-commons-runtime\4.1.2\istack-commons-runtime-4.1.2.jar;C:\Users\Pedro\.m2\repository\jakarta\inject\jakarta.inject-api\2.0.1\jakarta.inject-api-2.0.1.jar;C:\Users\Pedro\.m2\repository\org\antlr\antlr4-runtime\4.13.0\antlr4-runtime-4.13.0.jar;C:\Users\Pedro\.m2\repository\org\springframework\data\spring-data-jpa\3.5.4\spring-data-jpa-3.5.4.jar;C:\Users\Pedro\.m2\repository\org\springframework\data\spring-data-commons\3.5.4\spring-data-commons-3.5.4.jar;C:\Users\Pedro\.m2\repository\org\springframework\spring-orm\6.2.11\spring-orm-6.2.11.jar;C:\Users\Pedro\.m2\repository\org\springframework\spring-context\6.2.11\spring-context-6.2.11.jar;C:\Users\Pedro\.m2\repository\org\springframework\spring-aop\6.2.11\spring-aop-6.2.11.jar;C:\Users\Pedro\.m2\repository\org\springframework\spring-tx\6.2.11\spring-tx-6.2.11.jar;C:\Users\Pedro\.m2\repository\org\springframework\spring-beans\6.2.11\spring-beans-6.2.11.jar;C:\Users\Pedro\.m2\repository\org\slf4j\slf4j-api\2.0.17\slf4j-api-2.0.17.jar;C:\Users\Pedro\.m2\repository\org\springframework\spring-aspects\6.2.11\spring-aspects-6.2.11.jar;C:\Users\Pedro\.m2\repository\org\aspectj\aspectjweaver\1.9.24\aspectjweaver-1.9.24.jar;C:\Users\Pedro\.m2\repository\org\springframework\boot\spring-boot-starter-web\3.5.6\spring-boot-starter-web-3.5.6.jar;C:\Users\Pedro\.m2\repository\org\springframework\boot\spring-boot-starter-json\3.5.6\spring-boot-starter-json-3.5.6.jar;C:\Users\Pedro\.m2\repository\com\fasterxml\jackson\core\jackson-databind\2.19.2\jackson-databind-2.19.2.jar;C:\Users\Pedro\.m2\repository\com\fasterxml\jackson\core\jackson-annotations\2.19.2\jackson-annotations-2.19.2.jar;C:\Users\Pedro\.m2\repository\com\fasterxml\jackson\core\jackson-core\2.19.2\jackson-core-2.19.2.jar;C:\Users\Pedro\.m2\repository\com\fasterxml\jackson\datatype\jackson-datatype-jdk8\2.19.2\jackson-datatype-jdk8-2.19.2.jar;C:\Users\Pedro\.m2\repository\com\fasterxml\jackson\datatype\jackson-datatype-jsr310\2.19.2\jackson-datatype-jsr310-2.19.2.jar;C:\Users\Pedro\.m2\repository\com\fasterxml\jackson\module\jackson-module-parameter-names\2.19.2\jackson-module-parameter-names-2.19.2.jar;C:\Users\Pedro\.m2\repository\org\springframework\boot\spring-boot-starter-tomcat\3.5.6\spring-boot-starter-tomcat-3.5.6.jar;C:\Users\Pedro\.m2\repository\org\apache\tomcat\embed\tomcat-embed-core\10.1.46\tomcat-embed-core-10.1.46.jar;C:\Users\Pedro\.m2\repository\org\apache\tomcat\embed\tomcat-embed-el\10.1.46\tomcat-embed-el-10.1.46.jar;C:\Users\Pedro\.m2\repository\org\apache\tomcat\embed\tomcat-embed-websocket\10.1.46\tomcat-embed-websocket-10.1.46.jar;C:\Users\Pedro\.m2\repository\org\springframework\spring-web\6.2.11\spring-web-6.2.11.jar;C:\Users\Pedro\.m2\repository\io\micrometer\micrometer-observation\1.15.4\micrometer-observation-1.15.4.jar;C:\Users\Pedro\.m2\repository\io\micrometer\micrometer-commons\1.15.4\micrometer-commons-1.15.4.jar;C:\Users\Pedro\.m2\repository\org\springframework\spring-webmvc\6.2.11\spring-webmvc-6.2.11.jar;C:\Users\Pedro\.m2\repository\org\springframework\spring-expression\6.2.11\spring-expression-6.2.11.jar;C:\Users\Pedro\.m2\repository\org\springframework\boot\spring-boot-devtools\3.5.6\spring-boot-devtools-3.5.6.jar;C:\Users\Pedro\.m2\repository\org\springframework\boot\spring-boot\3.5.6\spring-boot-3.5.6.jar;C:\Users\Pedro\.m2\repository\org\springframework\boot\spring-boot-autoconfigure\3.5.6\spring-boot-autoconfigure-3.5.6.jar;C:\Users\Pedro\.m2\repository\org\postgresql\postgresql\42.7.7\postgresql-42.7.7.jar;C:\Users\Pedro\.m2\repository\org\checkerframework\checker-qual\3.49.3\checker-qual-3.49.3.jar;C:\Users\Pedro\.m2\repository\org\projectlombok\lombok\1.18.40\lombok-1.18.40.jar;C:\Users\Pedro\.m2\repository\jakarta\xml\bind\jakarta.xml.bind-api\4.0.2\jakarta.xml.bind-api-4.0.2.jar;C:\Users\Pedro\.m2\repository\jakarta\activation\jakarta.activation-api\2.1.4\jakarta.activation-api-2.1.4.jar;C:\Users\Pedro\.m2\repository\org\springframework\spring-core\6.2.11\spring-core-6.2.11.jar;C:\Users\Pedro\.m2\repository\org\springframework\spring-jcl\6.2.11\spring-jcl-6.2.11.jar
Launcher Type: SUN_STANDARD

[Global flags]
     intx CICompilerCount                          = 4                                         {product} {ergonomic}
     uint ConcGCThreads                            = 2                                         {product} {ergonomic}
     uint G1ConcRefinementThreads                  = 8                                         {product} {ergonomic}
   size_t G1HeapRegionSize                         = 4194304                                   {product} {ergonomic}
   size_t InitialHeapSize                          = 402653184                                 {product} {ergonomic}
   size_t MarkStackSize                            = 4194304                                   {product} {ergonomic}
   size_t MarkStackSizeMax                         = 536870912                                 {product} {ergonomic}
   size_t MaxHeapSize                              = 6434062336                                {product} {ergonomic}
   size_t MaxNewSize                               = 3858759680                                {product} {ergonomic}
   size_t MinHeapDeltaBytes                        = 4194304                                   {product} {ergonomic}
   size_t MinHeapSize                              = 8388608                                   {product} {ergonomic}
    uintx NonNMethodCodeHeapSize                   = 5832704                                {pd product} {ergonomic}
    uintx NonProfiledCodeHeapSize                  = 122945536                              {pd product} {ergonomic}
    uintx ProfiledCodeHeapSize                     = 122880000                              {pd product} {ergonomic}
    uintx ReservedCodeCacheSize                    = 251658240                              {pd product} {ergonomic}
     bool SegmentedCodeCache                       = true                                      {product} {ergonomic}
     bool ShowCodeDetailsInExceptionMessages       = true                                   {manageable} {command line}
   size_t SoftMaxHeapSize                          = 6434062336                             {manageable} {ergonomic}
     bool UseCompressedOops                        = true                           {product lp64_product} {ergonomic}
     bool UseG1GC                                  = true                                      {product} {ergonomic}
     bool UseLargePagesIndividualAllocation        = false                                  {pd product} {ergonomic}

Logging:
Log output configuration:
 #0: stdout all=warning uptime,level,tags foldmultilines=false
 #1: stderr all=off uptime,level,tags foldmultilines=false

Environment Variables:
JAVA_HOME=C:\Program Files\Java\jdk-23
PATH=C:\Users\Pedro\.p2\pool\plugins\org.eclipse.justj.openjdk.hotspot.jre.full.win32.x86_64_23.0.1.v20241024-1700\jre\bin;C:/Users/Pedro/.p2/pool/plugins/org.eclipse.justj.openjdk.hotspot.jre.full.win32.x86_64_23.0.1.v20241024-1700/jre/bin/server;C:/Users/Pedro/.p2/pool/plugins/org.eclipse.justj.openjdk.hotspot.jre.full.win32.x86_64_23.0.1.v20241024-1700/jre/bin;C:\Python313\Scripts\;C:\Python313\;C:\Program Files (x86)\NVIDIA Corporation\PhysX\Common;C:\Program Files\Common Files\Oracle\Java\javapath;C:\Program Files (x86)\Common Files\Oracle\Java\java8path;C:\Program Files (x86)\Common Files\Oracle\Java\javapath;C:\WINDOWS\system32;C:\WINDOWS;C:\WINDOWS\System32\Wbem;C:\WINDOWS\System32\WindowsPowerShell\v1.0\;C:\WINDOWS\System32\OpenSSH\;C:\Program Files\Microsoft VS Code\bin;C:\Program Files\Git\cmd;C:\Program Files (x86)\ZeroTier\One\;C:\Program Files\apache-maven-3.9.9\bin;C:\Program Files\PostgreSQL\17\bin;C:\Program Files\PostgreSQL\17\lib;C:\Program Files\PostgreSQL\17\include;C:\Program Files\PostgreSQL\17;C:\Program Files\dotnet\;C:\Program Files\Docker\Docker\resources\bin;C:\Program Files\nodejs\;C:\ProgramData\chocolatey\bin;C:\Users\Pedro\AppData\Local\Programs\Python\Python312\Scripts\;C:\Users\Pedro\AppData\Local\Programs\Python\Python312\;C:\Users\Pedro\AppData\Local\Microsoft\WindowsApps;C:\Program Files\PostgreSQL\17\include;C:\Users\Pedro\.dotnet\tools;C:\Users\Pedro\AppData\Roaming\npm;C:\WINDOWS\system32;
USERNAME=Pedro
OS=Windows_NT
PROCESSOR_IDENTIFIER=Intel64 Family 6 Model 158 Stepping 9, GenuineIntel
TMP=C:\Users\Pedro\AppData\Local\Temp
TEMP=C:\Users\Pedro\AppData\Local\Temp




Periodic native trim disabled

---------------  S Y S T E M  ---------------

OS:
 Windows 11 , 64 bit Build 26100 (10.0.26100.5074)
OS uptime: 0 days 1:13 hours
Hyper-V role detected

CPU: total 8 (initial active 8) (4 cores per cpu, 2 threads per core) family 6 model 158 stepping 9 microcode 0xde, cx8, cmov, fxsr, ht, mmx, 3dnowpref, sse, sse2, sse3, ssse3, sse4.1, sse4.2, popcnt, lzcnt, tsc, tscinvbit, avx, avx2, aes, erms, clmul, bmi1, bmi2, rtm, adx, fma, vzeroupper, clflush, clflushopt, hv, rdtscp, f16c
Processor Information for the first 8 processors :
  Max Mhz: 3600, Current Mhz: 3600, Mhz Limit: 3600

Memory: 4k page, system-wide physical 24530M (14007M free)
TotalPageFile size 26066M (AvailPageFile size 11725M)
current process WorkingSet (physical memory assigned to process): 287M, peak: 441M
current process commit charge ("private bytes"): 323M, peak: 573M

vm_info: OpenJDK 64-Bit Server VM (23.0.1+11) for windows-amd64 JRE (23.0.1+11), built on 2024-10-15T00:00:00Z with MS VC++ 17.7 (VS2022)

END.
